<?xml version="1.0" encoding="UTF-8"?>
<testng-results skipped="0" failed="0" total="6" passed="6">
  <reporter-output>
  </reporter-output>
  <suite name="teja-suite" duration-ms="30281" started-at="2020-09-24T05:28:14Z" finished-at="2020-09-24T05:28:44Z">
    <groups>
    </groups>
    <test name="teja-test" duration-ms="30281" started-at="2020-09-24T05:28:14Z" finished-at="2020-09-24T05:28:44Z">
      <class name="myPack.Teja">
        <test-method status="PASS" signature="VerifyLogin()[pri:0, instance:myPack.Teja@2752f6e2]" name="VerifyLogin" duration-ms="7323" started-at="2020-09-24T10:58:14Z" finished-at="2020-09-24T10:58:21Z">
          <reporter-output>
          </reporter-output>
        </test-method> <!-- VerifyLogin -->
        <test-method status="PASS" signature="addCompany()[pri:0, instance:myPack.Teja@2752f6e2]" name="addCompany" duration-ms="1" started-at="2020-09-24T10:58:21Z" finished-at="2020-09-24T10:58:21Z">
          <reporter-output>
          </reporter-output>
        </test-method> <!-- addCompany -->
        <test-method status="PASS" signature="addEmp()[pri:0, instance:myPack.Teja@2752f6e2]" name="addEmp" duration-ms="22941" started-at="2020-09-24T10:58:21Z" finished-at="2020-09-24T10:58:44Z">
          <reporter-output>
          </reporter-output>
        </test-method> <!-- addEmp -->
        <test-method status="PASS" signature="deleteEmp()[pri:0, instance:myPack.Teja@2752f6e2]" name="deleteEmp" duration-ms="1" started-at="2020-09-24T10:58:44Z" finished-at="2020-09-24T10:58:44Z">
          <reporter-output>
          </reporter-output>
        </test-method> <!-- deleteEmp -->
        <test-method status="PASS" signature="editCompany()[pri:0, instance:myPack.Teja@2752f6e2]" name="editCompany" duration-ms="0" started-at="2020-09-24T10:58:44Z" finished-at="2020-09-24T10:58:44Z">
          <reporter-output>
          </reporter-output>
        </test-method> <!-- editCompany -->
        <test-method status="PASS" signature="editEmp()[pri:0, instance:myPack.Teja@2752f6e2]" name="editEmp" duration-ms="1" started-at="2020-09-24T10:58:44Z" finished-at="2020-09-24T10:58:44Z">
          <reporter-output>
          </reporter-output>
        </test-method> <!-- editEmp -->
      </class> <!-- myPack.Teja -->
    </test> <!-- teja-test -->
  </suite> <!-- teja-suite -->
</testng-results>
