<?xml version="1.0" encoding="UTF-8"?>
<testsuite xmlns:xsi="http://www.w3.org/2001/XMLSchema-instance" xsi:noNamespaceSchemaLocation="https://maven.apache.org/surefire/maven-surefire-plugin/xsd/surefire-test-report.xsd" name="TestSuite" time="31.124" tests="6" errors="0" skipped="0" failures="0">
  <properties>
[...]
</properties>
  <testcase name="VerifyLogin" classname="myPack.Teja" time="7.322"/>
  <testcase name="addCompany" classname="myPack.Teja" time="0.001"/>
  <testcase name="addEmp" classname="myPack.Teja" time="22.937"/>
  <testcase name="deleteEmp" classname="myPack.Teja" time="0.001"/>
  <testcase name="editCompany" classname="myPack.Teja" time="0"/>
  <testcase name="editEmp" classname="myPack.Teja" time="0"/>
</testsuite>