<?xml version="1.0" encoding="UTF-8"?>
<!-- Generated by org.testng.reporters.JUnitXMLReporter -->
<testsuite hostname="Mahesh" name="teja-test" tests="6" failures="0" timestamp="24 Sep 2020 05:28:44 GMT" time="30.281" errors="0">
  <testcase name="VerifyLogin" time="7.323" classname="myPack.Teja"/>
  <testcase name="addCompany" time="0.001" classname="myPack.Teja"/>
  <testcase name="addEmp" time="22.941" classname="myPack.Teja"/>
  <testcase name="deleteEmp" time="0.001" classname="myPack.Teja"/>
  <testcase name="editCompany" time="0.0" classname="myPack.Teja"/>
  <testcase name="editEmp" time="0.001" classname="myPack.Teja"/>
</testsuite> <!-- teja-test -->
